TN:
SF:src/modules/appointments/services/CreateAppointment.service.ts
FN:15,(anonymous_5)
FN:20,(anonymous_6)
FNF:2
FNH:2
FNDA:2,(anonymous_5)
FNDA:3,(anonymous_6)
DA:1,1
DA:3,1
DA:4,1
DA:14,1
DA:17,2
DA:24,3
DA:26,3
DA:30,3
DA:31,1
DA:34,2
DA:39,2
DA:43,1
LF:12
LH:12
BRDA:30,0,0,1
BRDA:30,0,1,2
BRF:2
BRH:2
end_of_record
TN:
SF:src/modules/users/services/AuthenticateUser.service.ts
FN:20,(anonymous_5)
FN:27,(anonymous_6)
FNF:2
FNH:2
FNDA:3,(anonymous_5)
FNDA:3,(anonymous_6)
DA:1,1
DA:2,1
DA:4,1
DA:5,1
DA:19,1
DA:22,3
DA:24,3
DA:28,3
DA:30,3
DA:31,1
DA:34,2
DA:39,2
DA:40,1
DA:43,1
DA:45,1
DA:50,1
DA:57,1
LF:17
LH:17
BRDA:30,0,0,1
BRDA:30,0,1,2
BRDA:39,1,0,1
BRDA:39,1,1,1
BRF:4
BRH:4
end_of_record
TN:
SF:src/modules/users/services/CreateUser.service.ts
FN:15,(anonymous_5)
FN:23,(anonymous_6)
FNF:2
FNH:2
FNDA:4,(anonymous_5)
FNDA:5,(anonymous_6)
DA:1,2
DA:3,2
DA:14,2
DA:17,4
DA:20,4
DA:28,5
DA:30,5
DA:31,1
DA:34,4
DA:36,4
DA:42,4
DA:46,2
LF:12
LH:12
BRDA:30,0,0,1
BRDA:30,0,1,4
BRF:2
BRH:2
end_of_record
TN:
SF:src/modules/users/services/UpdateUserAvatar.service.ts
FN:16,(anonymous_5)
FN:21,(anonymous_6)
FNF:2
FNH:0
FNDA:0,(anonymous_5)
FNDA:0,(anonymous_6)
DA:1,0
DA:2,0
DA:3,0
DA:5,0
DA:6,0
DA:15,0
DA:18,0
DA:22,0
DA:24,0
DA:25,0
DA:28,0
DA:30,0
DA:31,0
DA:33,0
DA:35,0
DA:36,0
DA:40,0
DA:41,0
DA:43,0
DA:47,0
LF:20
LH:0
BRDA:24,0,0,0
BRDA:24,0,1,0
BRDA:28,1,0,0
BRDA:28,1,1,0
BRDA:35,2,0,0
BRDA:35,2,1,0
BRF:6
BRH:0
end_of_record
