TN:
SF:src/modules/appointments/services/CreateAppointment.service.ts
FN:15,(anonymous_5)
FN:20,(anonymous_6)
FNF:2
FNH:2
FNDA:2,(anonymous_5)
FNDA:3,(anonymous_6)
DA:1,1
DA:3,1
DA:4,1
DA:14,1
DA:17,2
DA:24,3
DA:26,3
DA:30,3
DA:31,1
DA:34,2
DA:39,2
DA:43,1
LF:12
LH:12
BRDA:30,0,0,1
BRDA:30,0,1,2
BRF:2
BRH:2
end_of_record
TN:
SF:src/modules/users/services/AuthenticateUser.service.ts
FN:20,(anonymous_5)
FN:25,(anonymous_6)
FNF:2
FNH:0
FNDA:0,(anonymous_5)
FNDA:0,(anonymous_6)
DA:1,0
DA:2,0
DA:3,0
DA:5,0
DA:6,0
DA:19,0
DA:22,0
DA:26,0
DA:28,0
DA:29,0
DA:32,0
DA:34,0
DA:35,0
DA:38,0
DA:40,0
DA:45,0
DA:52,0
LF:17
LH:0
BRDA:28,0,0,0
BRDA:28,0,1,0
BRDA:34,1,0,0
BRDA:34,1,1,0
BRF:4
BRH:0
end_of_record
TN:
SF:src/modules/users/services/CreateUser.service.ts
FN:15,(anonymous_5)
FN:20,(anonymous_6)
FNF:2
FNH:0
FNDA:0,(anonymous_5)
FNDA:0,(anonymous_6)
DA:1,0
DA:2,0
DA:4,0
DA:14,0
DA:17,0
DA:25,0
DA:27,0
DA:28,0
DA:31,0
DA:33,0
DA:39,0
DA:43,0
LF:12
LH:0
BRDA:27,0,0,0
BRDA:27,0,1,0
BRF:2
BRH:0
end_of_record
TN:
SF:src/modules/users/services/UpdateUserAvatar.service.ts
FN:16,(anonymous_5)
FN:21,(anonymous_6)
FNF:2
FNH:0
FNDA:0,(anonymous_5)
FNDA:0,(anonymous_6)
DA:1,0
DA:2,0
DA:3,0
DA:5,0
DA:6,0
DA:15,0
DA:18,0
DA:22,0
DA:24,0
DA:25,0
DA:28,0
DA:30,0
DA:31,0
DA:33,0
DA:35,0
DA:36,0
DA:40,0
DA:41,0
DA:43,0
DA:47,0
LF:20
LH:0
BRDA:24,0,0,0
BRDA:24,0,1,0
BRDA:28,1,0,0
BRDA:28,1,1,0
BRDA:35,2,0,0
BRDA:35,2,1,0
BRF:6
BRH:0
end_of_record
